04/11/2025 03:22:26 PM: INFO: ********    Test_001_Login *******
04/11/2025 03:22:26 PM: INFO: ******* Verifying login testcase *******
04/11/2025 03:22:37 PM: INFO: ******* Login testcase has passed *******
04/18/2025 04:00:08 PM: INFO: ********    Test_001_Login *******
04/18/2025 04:00:08 PM: INFO: ******* Verifying login testcase *******
04/18/2025 04:00:19 PM: INFO: ******* Login testcase has passed *******
04/18/2025 07:03:12 PM: INFO: ********    Test_001_Login *******
04/18/2025 07:03:12 PM: INFO: ******* Verifying login testcase *******
04/18/2025 07:03:23 PM: INFO: ******* Login testcase has passed *******
04/18/2025 07:05:01 PM: INFO: ********    Test_001_Login *******
04/18/2025 07:05:01 PM: INFO: ******* Verifying login testcase *******
04/18/2025 07:05:12 PM: INFO: ******* Login testcase has passed *******
04/18/2025 07:13:45 PM: INFO: ********    Test_001_Login *******
04/18/2025 07:13:45 PM: INFO: ******* Verifying login testcase *******
04/18/2025 07:14:01 PM: INFO: ******* Login testcase has passed *******
04/18/2025 10:31:41 PM: INFO: ********    Test_001_Login *******
04/18/2025 10:31:41 PM: INFO: ******* Verifying login testcase *******
04/18/2025 10:32:44 PM: INFO: ********    Test_001_Login *******
04/18/2025 10:32:44 PM: INFO: ******* Verifying login testcase *******
04/18/2025 10:32:55 PM: INFO: ******* Login testcase has passed *******
04/18/2025 11:14:03 PM: INFO: ********    Test_001_Login *******
04/18/2025 11:14:03 PM: INFO: ******* Verifying login testcase *******
04/18/2025 11:14:14 PM: INFO: ******* Login testcase has passed *******
04/19/2025 11:27:36 AM: INFO: ********    Test_001_Login *******
04/19/2025 11:27:36 AM: INFO: ******* Verifying login testcase *******
05/04/2025 11:23:33 AM: INFO: ********    Test_001_Login *******
05/04/2025 11:23:33 AM: INFO: ******* Verifying login testcase *******
05/04/2025 11:23:55 AM: INFO: ******* Login testcase has passed *******
